# JRE version: OpenJDK Runtime Environment Corretto-18.0.2.9.1 (18.0.2+9) (build 18.0.2+9-FR)
# Java VM: OpenJDK 64-Bit Server VM Corretto-18.0.2.9.1 (18.0.2+9-FR, mixed mode, sharing, tiered, compressed oops, compressed class ptrs, g1 gc, windows-amd64)
GC Precious Log:
 CardTable entry size: 512
 Card Set container configuration: InlinePtr #cards 5 size 8 Array Of Cards #cards 12 size 40 Howl #buckets 4 coarsen threshold 1843 Howl Bitmap #cards 512 size 80 coarsen threshold 460 Card regions per heap region 1 cards per card region 2048
 CPUs: 12 total, 12 available
 Memory: 7913M
 Large Page Support: Disabled
 NUMA Support: Disabled
 Compressed Oops: Enabled (32-bit)
 Heap Region Size: 1M
 Heap Min Capacity: 8M
 Heap Initial Capacity: 124M
 Heap Max Capacity: 1980M
 Pre-touch: Disabled
 Parallel Workers: 10
 Concurrent Workers: 3
 Concurrent Refinement Workers: 10
 Periodic GC: Disabled
Heap:
 garbage-first heap   total 126976K, used 52385K [0x0000000084400000, 0x0000000100000000)
  region size 1024K, 50 young (51200K), 1 survivors (1024K)
 Metaspace       used 4815K, committed 5056K, reserved 1114112K
  class space    used 238K, committed 384K, reserved 1048576K
GC Heap History (16 events):
Event: 2.057 GC heap before
{Heap before GC invocations=0 (full 0):
 garbage-first heap   total 126976K, used 23552K [0x0000000084400000, 0x0000000100000000)
  region size 1024K, 23 young (23552K), 0 survivors (0K)
 Metaspace       used 4474K, committed 4736K, reserved 1114112K
  class space    used 238K, committed 384K, reserved 1048576K
}
Event: 2.061 GC heap after
{Heap after GC invocations=1 (full 0):
 garbage-first heap   total 126976K, used 3112K [0x0000000084400000, 0x0000000100000000)
  region size 1024K, 3 young (3072K), 3 survivors (3072K)
 Metaspace       used 4474K, committed 4736K, reserved 1114112K
  class space    used 238K, committed 384K, reserved 1048576K
}
Event: 6.512 GC heap before
{Heap before GC invocations=1 (full 0):
 garbage-first heap   total 126976K, used 36904K [0x0000000084400000, 0x0000000100000000)
  region size 1024K, 36 young (36864K), 3 survivors (3072K)
 Metaspace       used 4574K, committed 4800K, reserved 1114112K
  class space    used 238K, committed 384K, reserved 1048576K
}
Event: 6.516 GC heap after
{Heap after GC invocations=2 (full 0):
 garbage-first heap   total 126976K, used 3621K [0x0000000084400000, 0x0000000100000000)
  region size 1024K, 1 young (1024K), 1 survivors (1024K)
 Metaspace       used 4574K, committed 4800K, reserved 1114112K
  class space    used 238K, committed 384K, reserved 1048576K
}
Event: 11.880 GC heap before
{Heap before GC invocations=2 (full 0):
 garbage-first heap   total 126976K, used 78373K [0x0000000084400000, 0x0000000100000000)
  region size 1024K, 74 young (75776K), 1 survivors (1024K)
 Metaspace       used 4769K, committed 5056K, reserved 1114112K
  class space    used 238K, committed 384K, reserved 1048576K
}
Event: 11.882 GC heap after
{Heap after GC invocations=3 (full 0):
 garbage-first heap   total 126976K, used 3303K [0x0000000084400000, 0x0000000100000000)
  region size 1024K, 1 young (1024K), 1 survivors (1024K)
 Metaspace       used 4769K, committed 5056K, reserved 1114112K
  class space    used 238K, committed 384K, reserved 1048576K
}
Event: 17.276 GC heap before
{Heap before GC invocations=3 (full 0):
 garbage-first heap   total 126976K, used 78055K [0x0000000084400000, 0x0000000100000000)
  region size 1024K, 74 young (75776K), 1 survivors (1024K)
 Metaspace       used 4812K, committed 5056K, reserved 1114112K
  class space    used 238K, committed 384K, reserved 1048576K
}
Event: 17.277 GC heap after
{Heap after GC invocations=4 (full 0):
 garbage-first heap   total 126976K, used 3232K [0x0000000084400000, 0x0000000100000000)
  region size 1024K, 1 young (1024K), 1 survivors (1024K)
 Metaspace       used 4812K, committed 5056K, reserved 1114112K
  class space    used 238K, committed 384K, reserved 1048576K
}
Event: 22.694 GC heap before
{Heap before GC invocations=4 (full 0):
 garbage-first heap   total 126976K, used 77984K [0x0000000084400000, 0x0000000100000000)
  region size 1024K, 74 young (75776K), 1 survivors (1024K)
 Metaspace       used 4812K, committed 5056K, reserved 1114112K
  class space    used 238K, committed 384K, reserved 1048576K
}
Event: 22.696 GC heap after
{Heap after GC invocations=5 (full 0):
 garbage-first heap   total 126976K, used 3236K [0x0000000084400000, 0x0000000100000000)
  region size 1024K, 1 young (1024K), 1 survivors (1024K)
 Metaspace       used 4812K, committed 5056K, reserved 1114112K
  class space    used 238K, committed 384K, reserved 1048576K
}
Event: 28.154 GC heap before
{Heap before GC invocations=5 (full 0):
 garbage-first heap   total 126976K, used 77988K [0x0000000084400000, 0x0000000100000000)
  region size 1024K, 74 young (75776K), 1 survivors (1024K)
 Metaspace       used 4812K, committed 5056K, reserved 1114112K
  class space    used 238K, committed 384K, reserved 1048576K
}
Event: 28.156 GC heap after
{Heap after GC invocations=6 (full 0):
 garbage-first heap   total 126976K, used 3244K [0x0000000084400000, 0x0000000100000000)
  region size 1024K, 1 young (1024K), 1 survivors (1024K)
 Metaspace       used 4812K, committed 5056K, reserved 1114112K
  class space    used 238K, committed 384K, reserved 1048576K
}
Event: 33.612 GC heap before
{Heap before GC invocations=6 (full 0):
 garbage-first heap   total 126976K, used 77996K [0x0000000084400000, 0x0000000100000000)
  region size 1024K, 74 young (75776K), 1 survivors (1024K)
 Metaspace       used 4812K, committed 5056K, reserved 1114112K
  class space    used 238K, committed 384K, reserved 1048576K
}
Event: 33.613 GC heap after
{Heap after GC invocations=7 (full 0):
 garbage-first heap   total 126976K, used 3266K [0x0000000084400000, 0x0000000100000000)
  region size 1024K, 1 young (1024K), 1 survivors (1024K)
 Metaspace       used 4812K, committed 5056K, reserved 1114112K
  class space    used 238K, committed 384K, reserved 1048576K
}
Event: 42.574 GC heap before
{Heap before GC invocations=7 (full 0):
 garbage-first heap   total 126976K, used 78018K [0x0000000084400000, 0x0000000100000000)
  region size 1024K, 74 young (75776K), 1 survivors (1024K)
 Metaspace       used 4812K, committed 5056K, reserved 1114112K
  class space    used 238K, committed 384K, reserved 1048576K
}
Event: 42.575 GC heap after
{Heap after GC invocations=8 (full 0):
 garbage-first heap   total 126976K, used 3233K [0x0000000084400000, 0x0000000100000000)
  region size 1024K, 1 young (1024K), 1 survivors (1024K)
 Metaspace       used 4812K, committed 5056K, reserved 1114112K
  class space    used 238K, committed 384K, reserved 1048576K
}

